Warning: PopulationLevel Citizen 1 is missing its own needs!
UnityEngine.Debug:LogWarning(Object)
PrototypController:ReadOtherFromXML() (at Assets/GameState/Scripts/Controller/PrototypController.cs:276)
PrototypController:LoadFromXML() (at Assets/GameState/Scripts/Controller/PrototypController.cs:210)
PrototypController:Awake() (at Assets/GameState/Scripts/Controller/PrototypController.cs:113)
Warning: PopulationLevel Patrician 2 is missing its own needs!
UnityEngine.Debug:LogWarning(Object)
PrototypController:ReadOtherFromXML() (at Assets/GameState/Scripts/Controller/PrototypController.cs:276)
PrototypController:LoadFromXML() (at Assets/GameState/Scripts/Controller/PrototypController.cs:210)
PrototypController:Awake() (at Assets/GameState/Scripts/Controller/PrototypController.cs:113)
Warning: PopulationLevel Nobleman 3 is missing its own needs!
UnityEngine.Debug:LogWarning(Object)
PrototypController:ReadOtherFromXML() (at Assets/GameState/Scripts/Controller/PrototypController.cs:276)
PrototypController:LoadFromXML() (at Assets/GameState/Scripts/Controller/PrototypController.cs:210)
PrototypController:Awake() (at Assets/GameState/Scripts/Controller/PrototypController.cs:113)
Log: Read in fertilities types: 3 with all 11
UnityEngine.Debug:Log(Object)
PrototypController:LoadFromXML() (at Assets/GameState/Scripts/Controller/PrototypController.cs:212)
PrototypController:Awake() (at Assets/GameState/Scripts/Controller/PrototypController.cs:113)
Log: Read in structures: 49
    -> RoadStructure = 4 
    -> GrowableStructure = 8 
    -> FarmStructure = 10 
    -> MarketStructure = 1 
    -> ProductionStructure = 12 
    -> NeedStructure = 3 
    -> MineStructure = 3 
    -> HomeStructure = 4 
    -> WarehouseStructure = 1 
    -> MilitaryStructure = 2 
    -> ServiceStructure = 1 

UnityEngine.Debug:Log(Object)
PrototypController:LoadFromXML() (at Assets/GameState/Scripts/Controller/PrototypController.cs:222)
PrototypController:Awake() (at Assets/GameState/Scripts/Controller/PrototypController.cs:113)
Log: Read in units: 2
UnityEngine.Debug:Log(Object)
PrototypController:LoadFromXML() (at Assets/GameState/Scripts/Controller/PrototypController.cs:223)
PrototypController:Awake() (at Assets/GameState/Scripts/Controller/PrototypController.cs:113)
Log: Read in items: 84
UnityEngine.Debug:Log(Object)
PrototypController:LoadFromXML() (at Assets/GameState/Scripts/Controller/PrototypController.cs:224)
PrototypController:Awake() (at Assets/GameState/Scripts/Controller/PrototypController.cs:113)
Log: Read in needs: 4 ([0: 4][1: 0][2: 0][3: 0])
UnityEngine.Debug:Log(Object)
PrototypController:LoadFromXML() (at Assets/GameState/Scripts/Controller/PrototypController.cs:230)
PrototypController:Awake() (at Assets/GameState/Scripts/Controller/PrototypController.cs:113)
Log: Read in needGroups: 9
UnityEngine.Debug:Log(Object)
PrototypController:LoadFromXML() (at Assets/GameState/Scripts/Controller/PrototypController.cs:231)
PrototypController:Awake() (at Assets/GameState/Scripts/Controller/PrototypController.cs:113)
Log: Read in damagetypes: 2
UnityEngine.Debug:Log(Object)
PrototypController:LoadFromXML() (at Assets/GameState/Scripts/Controller/PrototypController.cs:232)
PrototypController:Awake() (at Assets/GameState/Scripts/Controller/PrototypController.cs:113)
Log: Read in armortypes: 2
UnityEngine.Debug:Log(Object)
PrototypController:LoadFromXML() (at Assets/GameState/Scripts/Controller/PrototypController.cs:233)
PrototypController:Awake() (at Assets/GameState/Scripts/Controller/PrototypController.cs:113)
Log: Read in populationLevel: 4
UnityEngine.Debug:Log(Object)
PrototypController:LoadFromXML() (at Assets/GameState/Scripts/Controller/PrototypController.cs:234)
PrototypController:Awake() (at Assets/GameState/Scripts/Controller/PrototypController.cs:113)
Log: Read in effects: 2
UnityEngine.Debug:Log(Object)
PrototypController:LoadFromXML() (at Assets/GameState/Scripts/Controller/PrototypController.cs:235)
PrototypController:Awake() (at Assets/GameState/Scripts/Controller/PrototypController.cs:113)
Log: Read in gameevents: 1
UnityEngine.Debug:Log(Object)
PrototypController:LoadFromXML() (at Assets/GameState/Scripts/Controller/PrototypController.cs:236)
PrototypController:Awake() (at Assets/GameState/Scripts/Controller/PrototypController.cs:113)
Warning: Cheats are activated.
UnityEngine.Debug:LogWarning(Object)
BuildController:Awake() (at Assets/GameState/Scripts/Controller/BuildController.cs:56)
Log: Intializing World Controller
UnityEngine.Debug:Log(Object)
WorldController:OnEnable() (at Assets/GameState/Scripts/Controller/WorldController.cs:47)
Log: LOADING SAVEGAME firewelltest
UnityEngine.Debug:Log(Object)
SaveController:Start() (at Assets/GameState/Scripts/Controller/SaveController.cs:42)
Log: Generated map with island number 3 in a Map 500 : 500 in 11ms (0,0115683s)! 
UnityEngine.Debug:Log(Object)
MapGenerator:PlaceIslandOnMap(List`1) (at Assets/GameState/Scripts/Models/Map/Generator/MapGenerator.cs:323)
MapGenerator:Update() (at Assets/GameState/Scripts/Models/Map/Generator/MapGenerator.cs:233)
Log: Islandimage 731ms (0,7312884s)! 
UnityEngine.Debug:Log(Object)
TileSpriteController:CreateIslandSprites(List`1, Boolean) (at Assets/GameState/Scripts/Controller/Sprite/TileSpriteController.cs:241)
MapGenerator:PlaceIslandOnMap(List`1) (at Assets/GameState/Scripts/Models/Map/Generator/MapGenerator.cs:325)
MapGenerator:Update() (at Assets/GameState/Scripts/Models/Map/Generator/MapGenerator.cs:233)
Log: LOAD ENDED
UnityEngine.Debug:Log(Object)
WorldController:LoadWorldData() (at Assets/GameState/Scripts/Controller/WorldController.cs:181)
WorldController:SetWorldData(WorldSaveState) (at Assets/GameState/Scripts/Controller/WorldController.cs:187)
<LoadGameState>c__Iterator0:MoveNext() (at Assets/GameState/Scripts/Controller/SaveController.cs:410)
UnityEngine.SetupCoroutine:InvokeMoveNext(IEnumerator, IntPtr)
Log: 86 Item Sprite
UnityEngine.Debug:Log(Object)
UIController:Start() (at Assets/GameState/Scripts/Controller/UIController.cs:46)
Log: False
UnityEngine.Debug:Log(Object)
CityUI:OnEnableAutoUpgrade(Boolean) (at Assets/GameState/Scripts/UI/GUI/CityUI.cs:55)
UnityEngine.EventSystems.EventSystem:Update()
Exception: NullReferenceException: Object reference not set to an instance of an object
CityUI.OnEnableAutoUpgrade (System.Boolean change) (at Assets/GameState/Scripts/UI/GUI/CityUI.cs:56)
UnityEngine.Events.InvokableCall`1[T1].Invoke (T1 args0) (at C:/buildslave/unity/build/Runtime/Export/UnityEvent.cs:207)
UnityEngine.Events.UnityEvent`1[T0].Invoke (T0 arg0) (at C:/buildslave/unity/build/Runtime/Export/UnityEvent_1.cs:58)
UnityEngine.UI.Toggle.Set (System.Boolean value, System.Boolean sendCallback) (at C:/buildslave/unity/build/Extensions/guisystem/UnityEngine.UI/UI/Core/Toggle.cs:190)
UnityEngine.UI.Toggle.Set (System.Boolean value) (at C:/buildslave/unity/build/Extensions/guisystem/UnityEngine.UI/UI/Core/Toggle.cs:163)
UnityEngine.UI.Toggle.set_isOn (System.Boolean value) (at C:/buildslave/unity/build/Extensions/guisystem/UnityEngine.UI/UI/Core/Toggle.cs:157)
UnityEngine.UI.Toggle.InternalToggle () (at C:/buildslave/unity/build/Extensions/guisystem/UnityEngine.UI/UI/Core/Toggle.cs:223)
UnityEngine.UI.Toggle.OnPointerClick (UnityEngine.EventSystems.PointerEventData eventData) (at C:/buildslave/unity/build/Extensions/guisystem/UnityEngine.UI/UI/Core/Toggle.cs:234)
UnityEngine.EventSystems.ExecuteEvents.Execute (UnityEngine.EventSystems.IPointerClickHandler handler, UnityEngine.EventSystems.BaseEventData eventData) (at C:/buildslave/unity/build/Extensions/guisystem/UnityEngine.UI/EventSystem/ExecuteEvents.cs:50)
UnityEngine.EventSystems.ExecuteEvents.Execute[T] (UnityEngine.GameObject target, UnityEngine.EventSystems.BaseEventData eventData, UnityEngine.EventSystems.ExecuteEvents+EventFunction`1[T1] functor) (at C:/buildslave/unity/build/Extensions/guisystem/UnityEngine.UI/EventSystem/ExecuteEvents.cs:261)
UnityEngine.EventSystems.EventSystem:Update()
Log: True
UnityEngine.Debug:Log(Object)
CityUI:OnEnableAutoUpgrade(Boolean) (at Assets/GameState/Scripts/UI/GUI/CityUI.cs:55)
UnityEngine.EventSystems.EventSystem:Update()
Exception: NullReferenceException: Object reference not set to an instance of an object
CityUI.OnEnableAutoUpgrade (System.Boolean change) (at Assets/GameState/Scripts/UI/GUI/CityUI.cs:56)
UnityEngine.Events.InvokableCall`1[T1].Invoke (T1 args0) (at C:/buildslave/unity/build/Runtime/Export/UnityEvent.cs:207)
UnityEngine.Events.UnityEvent`1[T0].Invoke (T0 arg0) (at C:/buildslave/unity/build/Runtime/Export/UnityEvent_1.cs:58)
UnityEngine.UI.Toggle.Set (System.Boolean value, System.Boolean sendCallback) (at C:/buildslave/unity/build/Extensions/guisystem/UnityEngine.UI/UI/Core/Toggle.cs:190)
UnityEngine.UI.Toggle.Set (System.Boolean value) (at C:/buildslave/unity/build/Extensions/guisystem/UnityEngine.UI/UI/Core/Toggle.cs:163)
UnityEngine.UI.Toggle.set_isOn (System.Boolean value) (at C:/buildslave/unity/build/Extensions/guisystem/UnityEngine.UI/UI/Core/Toggle.cs:157)
UnityEngine.UI.Toggle.InternalToggle () (at C:/buildslave/unity/build/Extensions/guisystem/UnityEngine.UI/UI/Core/Toggle.cs:223)
UnityEngine.UI.Toggle.OnPointerClick (UnityEngine.EventSystems.PointerEventData eventData) (at C:/buildslave/unity/build/Extensions/guisystem/UnityEngine.UI/UI/Core/Toggle.cs:234)
UnityEngine.EventSystems.ExecuteEvents.Execute (UnityEngine.EventSystems.IPointerClickHandler handler, UnityEngine.EventSystems.BaseEventData eventData) (at C:/buildslave/unity/build/Extensions/guisystem/UnityEngine.UI/EventSystem/ExecuteEvents.cs:50)
UnityEngine.EventSystems.ExecuteEvents.Execute[T] (UnityEngine.GameObject target, UnityEngine.EventSystems.BaseEventData eventData, UnityEngine.EventSystems.ExecuteEvents+EventFunction`1[T1] functor) (at C:/buildslave/unity/build/Extensions/guisystem/UnityEngine.UI/EventSystem/ExecuteEvents.cs:261)
UnityEngine.EventSystems.EventSystem:Update()
