Using pre-set license
Built from '2021.1/release' branch; Version is '2021.1.0f1 (61a549675243) revision 6399305'; Using compiler version '192528614'; Build Type 'Release'
OS: 'Windows 10 Education; OS build 18363.1500; Version 1909; 64bit' Language: 'en' Physical Memory: 16334 MB
BatchMode: 1, IsHumanControllingUs: 0, StartBugReporterOnCrash: 0, Is64bit: 1, IsPro: 0

 COMMAND LINE ARGUMENTS:
C:\Program Files\Unity\Hub\Editor\2021.1.0f1\Editor\Unity.exe
-adb2
-batchMode
-noUpm
-name
AssetImportWorker0
-projectPath
C:/Users/Mortmann MKV/Desktop/Andja
-logFile
Logs/AssetImportWorker0.log
-srvPort
63735
Successfully changed project path to: C:/Users/Mortmann MKV/Desktop/Andja
C:/Users/Mortmann MKV/Desktop/Andja
Using Asset Import Pipeline V2.
Refreshing native plugins compatible for Editor in 29.09 ms, found 0 plugins.
Preloading 0 native plugins for Editor in 0.00 ms.
Initialize engine version: 2021.1.0f1 (61a549675243)
[Subsystems] Discovering subsystems at path C:/Program Files/Unity/Hub/Editor/2021.1.0f1/Editor/Data/Resources/UnitySubsystems
[Subsystems] Discovering subsystems at path C:/Users/Mortmann MKV/Desktop/Andja/Assets
GfxDevice: creating device client; threaded=0; jobified=0
Direct3D:
    Version:  Direct3D 11.0 [level 11.1]
    Renderer: AMD Radeon RX 5700 XT (ID=0x731f)
    Vendor:   ATI
    VRAM:     8151 MB
    Driver:   27.20.15003.5017
Initialize mono
Mono path[0] = 'C:/Program Files/Unity/Hub/Editor/2021.1.0f1/Editor/Data/Managed'
Mono path[1] = 'C:/Program Files/Unity/Hub/Editor/2021.1.0f1/Editor/Data/MonoBleedingEdge/lib/mono/unityjit'
Mono config path = 'C:/Program Files/Unity/Hub/Editor/2021.1.0f1/Editor/Data/MonoBleedingEdge/etc'
Using monoOptions --debugger-agent=transport=dt_socket,embedding=1,server=y,suspend=n,address=127.0.0.1:56224
Begin MonoManager ReloadAssembly
Registering precompiled unity dll's ...
Register platform support module: C:/Program Files/Unity/Hub/Editor/2021.1.0f1/Editor/Data/PlaybackEngines/WindowsStandaloneSupport/UnityEditor.WindowsStandalone.Extensions.dll
Registered in 0.001846 seconds.
Native extension for WindowsStandalone target not found
Refreshing native plugins compatible for Editor in 34.31 ms, found 0 plugins.
Preloading 0 native plugins for Editor in 0.00 ms.
Mono: successfully reloaded assembly
- Completed reload, in  1.266 seconds
Platform modules already initialized, skipping
Registering precompiled user dll's ...
Registered in 0.004163 seconds.
Begin MonoManager ReloadAssembly
Symbol file LoadedFromMemory is not a mono symbol file
Native extension for WindowsStandalone target not found
Refreshing native plugins compatible for Editor in 0.40 ms, found 0 plugins.
Preloading 0 native plugins for Editor in 0.00 ms.
Mono: successfully reloaded assembly
- Completed reload, in  0.854 seconds
Platform modules already initialized, skipping
========================================================================
Worker process is ready to serve import requests
Launched and connected shader compiler UnityShaderCompiler.exe after 0.03 seconds
Refreshing native plugins compatible for Editor in 0.39 ms, found 0 plugins.
Preloading 0 native plugins for Editor in 0.00 ms.
Unloading 1416 Unused Serialized files (Serialized files now loaded: 0)
System memory in use before: 74.0 MB.
System memory in use after: 74.1 MB.

Unloading 23 unused Assets to reduce memory usage. Loaded Objects now: 1879.
Total: 1.744300 ms (FindLiveObjects: 0.149200 ms CreateObjectMapping: 0.040800 ms MarkObjects: 1.529400 ms  DeleteObjects: 0.023700 ms)

========================================================================
Received Import Request.
  path: Assets/StreamingAssets/Mods/TestMod
  artifactKey: Guid(3e8c1904bce472d4687b84e8382b5d27) Importer(815301076,1909f56bfc062723c751e8b465ee728b)
Start importing Assets/StreamingAssets/Mods/TestMod using Guid(3e8c1904bce472d4687b84e8382b5d27) Importer(815301076,1909f56bfc062723c751e8b465ee728b)  -> (artifact id: '62f7f61f32a0d655c34f03aabf651e11') in 0.004229 seconds 
========================================================================
Received Import Request.
  Time since last request: 514.421800 seconds.
  path: Assets/Scripts/GameState/UI/GUI/BuildMenuUIController.cs
  artifactKey: Guid(9212a8008c333ce4eb05c74a5bb9b2d0) Importer(815301076,1909f56bfc062723c751e8b465ee728b)
Start importing Assets/Scripts/GameState/UI/GUI/BuildMenuUIController.cs using Guid(9212a8008c333ce4eb05c74a5bb9b2d0) Importer(815301076,1909f56bfc062723c751e8b465ee728b)  -> (artifact id: '7a7e76e9fd14c04edbc2a6650691810b') in 0.023426 seconds 
========================================================================
Received Prepare
Registering precompiled user dll's ...
Registered in 0.004217 seconds.
Begin MonoManager ReloadAssembly
Symbol file LoadedFromMemory is not a mono symbol file
Native extension for WindowsStandalone target not found
Refreshing native plugins compatible for Editor in 0.34 ms, found 0 plugins.
Preloading 0 native plugins for Editor in 0.00 ms.
Mono: successfully reloaded assembly
- Completed reload, in  0.783 seconds
Platform modules already initialized, skipping
Refreshing native plugins compatible for Editor in 0.31 ms, found 0 plugins.
Preloading 0 native plugins for Editor in 0.00 ms.
Unloading 1363 Unused Serialized files (Serialized files now loaded: 0)
System memory in use before: 70.3 MB.
System memory in use after: 70.4 MB.

Unloading 15 unused Assets to reduce memory usage. Loaded Objects now: 1882.
Total: 1.656500 ms (FindLiveObjects: 0.139800 ms CreateObjectMapping: 0.030300 ms MarkObjects: 1.470700 ms  DeleteObjects: 0.014400 ms)

========================================================================
Received Prepare
Registering precompiled user dll's ...
Registered in 0.004686 seconds.
Begin MonoManager ReloadAssembly
Symbol file LoadedFromMemory is not a mono symbol file
Native extension for WindowsStandalone target not found
Refreshing native plugins compatible for Editor in 0.33 ms, found 0 plugins.
Preloading 0 native plugins for Editor in 0.00 ms.
Mono: successfully reloaded assembly
- Completed reload, in  0.924 seconds
Platform modules already initialized, skipping
Refreshing native plugins compatible for Editor in 0.33 ms, found 0 plugins.
Preloading 0 native plugins for Editor in 0.00 ms.
Unloading 1363 Unused Serialized files (Serialized files now loaded: 0)
System memory in use before: 70.3 MB.
System memory in use after: 70.4 MB.

Unloading 15 unused Assets to reduce memory usage. Loaded Objects now: 1885.
Total: 1.899800 ms (FindLiveObjects: 0.256100 ms CreateObjectMapping: 0.059600 ms MarkObjects: 1.567200 ms  DeleteObjects: 0.015300 ms)

========================================================================
Received Import Request.
  Time since last request: 8713.477436 seconds.
  path: Assets/Resources/Prefabs/GamePrefab/UI/HoverOver.prefab
  artifactKey: Guid(5864dc44dbea66546a4fcc81f58cec4d) Importer(815301076,1909f56bfc062723c751e8b465ee728b)
Start importing Assets/Resources/Prefabs/GamePrefab/UI/HoverOver.prefab using Guid(5864dc44dbea66546a4fcc81f58cec4d) Importer(815301076,1909f56bfc062723c751e8b465ee728b)  -> (artifact id: 'e25398774d82569a16647cfc22a8bbe7') in 0.043736 seconds 
========================================================================
Received Prepare
Registering precompiled user dll's ...
Registered in 0.004737 seconds.
Begin MonoManager ReloadAssembly
Symbol file LoadedFromMemory is not a mono symbol file
Native extension for WindowsStandalone target not found
Refreshing native plugins compatible for Editor in 0.55 ms, found 0 plugins.
Preloading 0 native plugins for Editor in 0.00 ms.
Mono: successfully reloaded assembly
- Completed reload, in  0.954 seconds
Platform modules already initialized, skipping
Refreshing native plugins compatible for Editor in 0.43 ms, found 0 plugins.
Preloading 0 native plugins for Editor in 0.00 ms.
Unloading 1363 Unused Serialized files (Serialized files now loaded: 0)
System memory in use before: 70.4 MB.
System memory in use after: 70.5 MB.

Unloading 15 unused Assets to reduce memory usage. Loaded Objects now: 1890.
Total: 1.947900 ms (FindLiveObjects: 0.139700 ms CreateObjectMapping: 0.030700 ms MarkObjects: 1.759800 ms  DeleteObjects: 0.016600 ms)

========================================================================
Received Prepare
Registering precompiled user dll's ...
Registered in 0.004621 seconds.
Begin MonoManager ReloadAssembly
Symbol file LoadedFromMemory is not a mono symbol file
Native extension for WindowsStandalone target not found
Refreshing native plugins compatible for Editor in 0.31 ms, found 0 plugins.
Preloading 0 native plugins for Editor in 0.00 ms.
Mono: successfully reloaded assembly
- Completed reload, in  0.868 seconds
Platform modules already initialized, skipping
Refreshing native plugins compatible for Editor in 0.35 ms, found 0 plugins.
Preloading 0 native plugins for Editor in 0.00 ms.
Unloading 1363 Unused Serialized files (Serialized files now loaded: 0)
System memory in use before: 70.4 MB.
System memory in use after: 70.5 MB.

Unloading 15 unused Assets to reduce memory usage. Loaded Objects now: 1893.
Total: 1.818400 ms (FindLiveObjects: 0.145000 ms CreateObjectMapping: 0.031000 ms MarkObjects: 1.621700 ms  DeleteObjects: 0.019100 ms)

========================================================================
Received Import Request.
  Time since last request: 29745.408324 seconds.
  path: Assets/Resources/Prefabs/GamePrefab/UI/%UnitHealth.prefab
  artifactKey: Guid(cd563e0fd78bf3744af903a79cd3c7b8) Importer(815301076,1909f56bfc062723c751e8b465ee728b)
Start importing Assets/Resources/Prefabs/GamePrefab/UI/%UnitHealth.prefab using Guid(cd563e0fd78bf3744af903a79cd3c7b8) Importer(815301076,1909f56bfc062723c751e8b465ee728b)  -> (artifact id: '0f3331da7084e9b36499a6a2bc179369') in 0.044174 seconds 
========================================================================
Received Import Request.
  Time since last request: 2.473739 seconds.
  path: Assets/Scripts/GameState/Models/Units/Unit.cs
  artifactKey: Guid(b7b4d900cf4fee84787751da11eb70b8) Importer(815301076,1909f56bfc062723c751e8b465ee728b)
Start importing Assets/Scripts/GameState/Models/Units/Unit.cs using Guid(b7b4d900cf4fee84787751da11eb70b8) Importer(815301076,1909f56bfc062723c751e8b465ee728b)  -> (artifact id: '4ad645040087cd7474e91738d71d9bdd') in 0.002359 seconds 
========================================================================
Received Prepare
Registering precompiled user dll's ...
Registered in 0.008064 seconds.
Begin MonoManager ReloadAssembly
Symbol file LoadedFromMemory is not a mono symbol file
Native extension for WindowsStandalone target not found
Refreshing native plugins compatible for Editor in 0.30 ms, found 0 plugins.
Preloading 0 native plugins for Editor in 0.00 ms.
Mono: successfully reloaded assembly
- Completed reload, in  0.868 seconds
Platform modules already initialized, skipping
Refreshing native plugins compatible for Editor in 0.43 ms, found 0 plugins.
Preloading 0 native plugins for Editor in 0.00 ms.
Unloading 1363 Unused Serialized files (Serialized files now loaded: 0)
System memory in use before: 70.4 MB.
System memory in use after: 70.5 MB.

Unloading 17 unused Assets to reduce memory usage. Loaded Objects now: 1896.
Total: 2.030900 ms (FindLiveObjects: 0.168400 ms CreateObjectMapping: 0.033000 ms MarkObjects: 1.806000 ms  DeleteObjects: 0.021900 ms)

========================================================================
Received Import Request.
  Time since last request: 45.817367 seconds.
  path: Assets/Scripts/GameState/Models/Units/Unit.cs
  artifactKey: Guid(b7b4d900cf4fee84787751da11eb70b8) Importer(815301076,1909f56bfc062723c751e8b465ee728b)
Start importing Assets/Scripts/GameState/Models/Units/Unit.cs using Guid(b7b4d900cf4fee84787751da11eb70b8) Importer(815301076,1909f56bfc062723c751e8b465ee728b)  -> (artifact id: '221e4e5623c17aa566d1421421226c40') in 0.004593 seconds 
========================================================================
Received Prepare
Registering precompiled user dll's ...
Registered in 0.005130 seconds.
Begin MonoManager ReloadAssembly
Symbol file LoadedFromMemory is not a mono symbol file
Native extension for WindowsStandalone target not found
Refreshing native plugins compatible for Editor in 0.32 ms, found 0 plugins.
Preloading 0 native plugins for Editor in 0.00 ms.
Mono: successfully reloaded assembly
- Completed reload, in  0.775 seconds
Platform modules already initialized, skipping
Refreshing native plugins compatible for Editor in 0.29 ms, found 0 plugins.
Preloading 0 native plugins for Editor in 0.00 ms.
Unloading 1363 Unused Serialized files (Serialized files now loaded: 0)
System memory in use before: 70.4 MB.
System memory in use after: 70.5 MB.

Unloading 15 unused Assets to reduce memory usage. Loaded Objects now: 1899.
Total: 1.599400 ms (FindLiveObjects: 0.155800 ms CreateObjectMapping: 0.035700 ms MarkObjects: 1.395500 ms  DeleteObjects: 0.011700 ms)

========================================================================
Received Prepare
Registering precompiled user dll's ...
Registered in 0.004602 seconds.
Begin MonoManager ReloadAssembly
Symbol file LoadedFromMemory is not a mono symbol file
Native extension for WindowsStandalone target not found
Refreshing native plugins compatible for Editor in 0.35 ms, found 0 plugins.
Preloading 0 native plugins for Editor in 0.00 ms.
Mono: successfully reloaded assembly
- Completed reload, in  0.851 seconds
Platform modules already initialized, skipping
Refreshing native plugins compatible for Editor in 0.31 ms, found 0 plugins.
Preloading 0 native plugins for Editor in 0.00 ms.
Unloading 1363 Unused Serialized files (Serialized files now loaded: 0)
System memory in use before: 70.4 MB.
System memory in use after: 70.5 MB.

Unloading 15 unused Assets to reduce memory usage. Loaded Objects now: 1902.
Total: 1.680500 ms (FindLiveObjects: 0.203400 ms CreateObjectMapping: 0.039000 ms MarkObjects: 1.423300 ms  DeleteObjects: 0.013500 ms)

========================================================================
Received Prepare
Registering precompiled user dll's ...
Registered in 0.004313 seconds.
Begin MonoManager ReloadAssembly
Symbol file LoadedFromMemory is not a mono symbol file
Native extension for WindowsStandalone target not found
Refreshing native plugins compatible for Editor in 0.44 ms, found 0 plugins.
Preloading 0 native plugins for Editor in 0.00 ms.
Mono: successfully reloaded assembly
- Completed reload, in  0.874 seconds
Platform modules already initialized, skipping
Refreshing native plugins compatible for Editor in 0.31 ms, found 0 plugins.
Preloading 0 native plugins for Editor in 0.00 ms.
Unloading 1363 Unused Serialized files (Serialized files now loaded: 0)
System memory in use before: 70.4 MB.
System memory in use after: 70.5 MB.

Unloading 15 unused Assets to reduce memory usage. Loaded Objects now: 1905.
Total: 2.386100 ms (FindLiveObjects: 0.209700 ms CreateObjectMapping: 0.040400 ms MarkObjects: 2.110700 ms  DeleteObjects: 0.023200 ms)

========================================================================
Received Import Request.
  Time since last request: 1177.979397 seconds.
  path: Assets/Resources/Textures/Icons/Misc
  artifactKey: Guid(719ad273f3ea58c49b7bd9f42a115476) Importer(815301076,1909f56bfc062723c751e8b465ee728b)
Start importing Assets/Resources/Textures/Icons/Misc using Guid(719ad273f3ea58c49b7bd9f42a115476) Importer(815301076,1909f56bfc062723c751e8b465ee728b)  -> (artifact id: '9f13e9ca6ca7e3359e1834fe1365f363') in 0.004678 seconds 
========================================================================
Received Import Request.
  Time since last request: 1.280123 seconds.
  path: Assets/Resources/Textures/Icons/Misc/money.png
  artifactKey: Guid(798f2e25a2dd17141bee9fe2fefcb274) Importer(815301076,1909f56bfc062723c751e8b465ee728b)
Start importing Assets/Resources/Textures/Icons/Misc/money.png using Guid(798f2e25a2dd17141bee9fe2fefcb274) Importer(815301076,1909f56bfc062723c751e8b465ee728b)  -> (artifact id: '276e73a22a98816dcfce2f06da060e5e') in 0.122136 seconds 
========================================================================
Received Import Request.
  Time since last request: 0.015843 seconds.
  path: Assets/Resources/Textures/Icons/Misc/upkeep.png
  artifactKey: Guid(8cbd1ad050fd11b418e4ecef2656e16b) Importer(815301076,1909f56bfc062723c751e8b465ee728b)
Start importing Assets/Resources/Textures/Icons/Misc/upkeep.png using Guid(8cbd1ad050fd11b418e4ecef2656e16b) Importer(815301076,1909f56bfc062723c751e8b465ee728b)  -> (artifact id: 'd03d09fe2f7500cbcf8a970701f663cb') in 0.008076 seconds 
========================================================================
Received Import Request.
  Time since last request: 3.946080 seconds.
  path: Assets/Resources/Textures/Icons/Misc/Upkeep.png
  artifactKey: Guid(8cbd1ad050fd11b418e4ecef2656e16b) Importer(815301076,1909f56bfc062723c751e8b465ee728b)
Start importing Assets/Resources/Textures/Icons/Misc/Upkeep.png using Guid(8cbd1ad050fd11b418e4ecef2656e16b) Importer(815301076,1909f56bfc062723c751e8b465ee728b)  -> (artifact id: '4be3aa2c616bca3900717dd933fb6d35') in 0.007980 seconds 
========================================================================
Received Import Request.
  Time since last request: 6.154084 seconds.
  path: Assets/Resources/Textures/Icons/Misc/Money.png
  artifactKey: Guid(798f2e25a2dd17141bee9fe2fefcb274) Importer(815301076,1909f56bfc062723c751e8b465ee728b)
Start importing Assets/Resources/Textures/Icons/Misc/Money.png using Guid(798f2e25a2dd17141bee9fe2fefcb274) Importer(815301076,1909f56bfc062723c751e8b465ee728b)  -> (artifact id: 'ab516ae95ad859b233d8fcf3495dbfbd') in 0.008035 seconds 
========================================================================
Received Prepare
Registering precompiled user dll's ...
Registered in 0.004308 seconds.
Begin MonoManager ReloadAssembly
Symbol file LoadedFromMemory is not a mono symbol file
Native extension for WindowsStandalone target not found
Refreshing native plugins compatible for Editor in 0.51 ms, found 0 plugins.
Preloading 0 native plugins for Editor in 0.00 ms.
Mono: successfully reloaded assembly
- Completed reload, in  0.846 seconds
Platform modules already initialized, skipping
Refreshing native plugins compatible for Editor in 0.32 ms, found 0 plugins.
Preloading 0 native plugins for Editor in 0.00 ms.
Unloading 1365 Unused Serialized files (Serialized files now loaded: 0)
System memory in use before: 75.9 MB.
System memory in use after: 76.0 MB.

Unloading 15 unused Assets to reduce memory usage. Loaded Objects now: 1972.
Total: 1.777800 ms (FindLiveObjects: 0.178100 ms CreateObjectMapping: 0.034800 ms MarkObjects: 1.548400 ms  DeleteObjects: 0.015300 ms)

========================================================================
Received Prepare
Registering precompiled user dll's ...
Registered in 0.004244 seconds.
Begin MonoManager ReloadAssembly
Symbol file LoadedFromMemory is not a mono symbol file
Native extension for WindowsStandalone target not found
Refreshing native plugins compatible for Editor in 0.30 ms, found 0 plugins.
Preloading 0 native plugins for Editor in 0.00 ms.
Mono: successfully reloaded assembly
- Completed reload, in  0.848 seconds
Platform modules already initialized, skipping
Refreshing native plugins compatible for Editor in 0.33 ms, found 0 plugins.
Preloading 0 native plugins for Editor in 0.00 ms.
Unloading 1363 Unused Serialized files (Serialized files now loaded: 0)
System memory in use before: 75.8 MB.
System memory in use after: 75.9 MB.

Unloading 15 unused Assets to reduce memory usage. Loaded Objects now: 1975.
Total: 2.420900 ms (FindLiveObjects: 0.185500 ms CreateObjectMapping: 0.033200 ms MarkObjects: 2.177500 ms  DeleteObjects: 0.023700 ms)

========================================================================
Received Prepare
Registering precompiled user dll's ...
Registered in 0.004208 seconds.
Begin MonoManager ReloadAssembly
Symbol file LoadedFromMemory is not a mono symbol file
Native extension for WindowsStandalone target not found
Refreshing native plugins compatible for Editor in 0.34 ms, found 0 plugins.
Preloading 0 native plugins for Editor in 0.00 ms.
Mono: successfully reloaded assembly
- Completed reload, in  0.768 seconds
Platform modules already initialized, skipping
Refreshing native plugins compatible for Editor in 0.29 ms, found 0 plugins.
Preloading 0 native plugins for Editor in 0.00 ms.
Unloading 1363 Unused Serialized files (Serialized files now loaded: 0)
System memory in use before: 75.8 MB.
System memory in use after: 75.9 MB.

Unloading 15 unused Assets to reduce memory usage. Loaded Objects now: 1978.
Total: 1.728600 ms (FindLiveObjects: 0.173400 ms CreateObjectMapping: 0.036200 ms MarkObjects: 1.503800 ms  DeleteObjects: 0.014500 ms)

========================================================================
Received Prepare
Registering precompiled user dll's ...
Registered in 0.003791 seconds.
Begin MonoManager ReloadAssembly
Symbol file LoadedFromMemory is not a mono symbol file
Native extension for WindowsStandalone target not found
Refreshing native plugins compatible for Editor in 0.30 ms, found 0 plugins.
Preloading 0 native plugins for Editor in 0.00 ms.
Mono: successfully reloaded assembly
- Completed reload, in  0.724 seconds
Platform modules already initialized, skipping
Refreshing native plugins compatible for Editor in 0.32 ms, found 0 plugins.
Preloading 0 native plugins for Editor in 0.00 ms.
Unloading 1363 Unused Serialized files (Serialized files now loaded: 0)
System memory in use before: 75.8 MB.
System memory in use after: 75.9 MB.

Unloading 15 unused Assets to reduce memory usage. Loaded Objects now: 1981.
Total: 2.470600 ms (FindLiveObjects: 0.189200 ms CreateObjectMapping: 0.044400 ms MarkObjects: 2.207400 ms  DeleteObjects: 0.027400 ms)

========================================================================
Received Prepare
Registering precompiled user dll's ...
Registered in 0.003750 seconds.
Begin MonoManager ReloadAssembly
Symbol file LoadedFromMemory is not a mono symbol file
Native extension for WindowsStandalone target not found
Refreshing native plugins compatible for Editor in 0.32 ms, found 0 plugins.
Preloading 0 native plugins for Editor in 0.00 ms.
Mono: successfully reloaded assembly
- Completed reload, in  0.864 seconds
Platform modules already initialized, skipping
Refreshing native plugins compatible for Editor in 0.45 ms, found 0 plugins.
Preloading 0 native plugins for Editor in 0.00 ms.
Unloading 1363 Unused Serialized files (Serialized files now loaded: 0)
System memory in use before: 75.8 MB.
System memory in use after: 75.9 MB.

Unloading 15 unused Assets to reduce memory usage. Loaded Objects now: 1984.
Total: 2.819800 ms (FindLiveObjects: 0.203500 ms CreateObjectMapping: 0.032400 ms MarkObjects: 2.567300 ms  DeleteObjects: 0.015800 ms)

========================================================================
Received Import Request.
  Time since last request: 375.686396 seconds.
  path: Assets/Resources/Textures/Icons/Misc/Money_icon.png
  artifactKey: Guid(798f2e25a2dd17141bee9fe2fefcb274) Importer(815301076,1909f56bfc062723c751e8b465ee728b)
Start importing Assets/Resources/Textures/Icons/Misc/Money_icon.png using Guid(798f2e25a2dd17141bee9fe2fefcb274) Importer(815301076,1909f56bfc062723c751e8b465ee728b)  -> (artifact id: 'e006ee229901d08ec974f9218a04ea37') in 0.043936 seconds 
========================================================================
Received Import Request.
  Time since last request: 6.307914 seconds.
  path: Assets/Resources/Textures/Icons/Misc/Upkeep_icon.png
  artifactKey: Guid(8cbd1ad050fd11b418e4ecef2656e16b) Importer(815301076,1909f56bfc062723c751e8b465ee728b)
Start importing Assets/Resources/Textures/Icons/Misc/Upkeep_icon.png using Guid(8cbd1ad050fd11b418e4ecef2656e16b) Importer(815301076,1909f56bfc062723c751e8b465ee728b)  -> (artifact id: 'c333cf96060bc2bb72b57027104d427a') in 0.007280 seconds 
========================================================================
Received Prepare
Registering precompiled user dll's ...
Registered in 0.004159 seconds.
Begin MonoManager ReloadAssembly
Symbol file LoadedFromMemory is not a mono symbol file
Native extension for WindowsStandalone target not found
Refreshing native plugins compatible for Editor in 0.46 ms, found 0 plugins.
Preloading 0 native plugins for Editor in 0.00 ms.
Mono: successfully reloaded assembly
- Completed reload, in  0.916 seconds
Platform modules already initialized, skipping
Refreshing native plugins compatible for Editor in 0.88 ms, found 0 plugins.
Preloading 0 native plugins for Editor in 0.00 ms.
Unloading 1363 Unused Serialized files (Serialized files now loaded: 0)
System memory in use before: 76.6 MB.
System memory in use after: 76.7 MB.

Unloading 15 unused Assets to reduce memory usage. Loaded Objects now: 2016.
Total: 1.900900 ms (FindLiveObjects: 0.215800 ms CreateObjectMapping: 0.048300 ms MarkObjects: 1.617500 ms  DeleteObjects: 0.018300 ms)

========================================================================
Received Prepare
Registering precompiled user dll's ...
Registered in 0.004270 seconds.
Begin MonoManager ReloadAssembly
Symbol file LoadedFromMemory is not a mono symbol file
Native extension for WindowsStandalone target not found
Refreshing native plugins compatible for Editor in 0.41 ms, found 0 plugins.
Preloading 0 native plugins for Editor in 0.00 ms.
Mono: successfully reloaded assembly
- Completed reload, in  0.969 seconds
Platform modules already initialized, skipping
Refreshing native plugins compatible for Editor in 0.34 ms, found 0 plugins.
Preloading 0 native plugins for Editor in 0.00 ms.
Unloading 1363 Unused Serialized files (Serialized files now loaded: 0)
System memory in use before: 76.6 MB.
System memory in use after: 76.7 MB.

Unloading 15 unused Assets to reduce memory usage. Loaded Objects now: 2019.
Total: 1.972100 ms (FindLiveObjects: 0.241600 ms CreateObjectMapping: 0.045100 ms MarkObjects: 1.665200 ms  DeleteObjects: 0.018000 ms)

========================================================================
Received Prepare
Registering precompiled user dll's ...
Registered in 0.004228 seconds.
Begin MonoManager ReloadAssembly
Symbol file LoadedFromMemory is not a mono symbol file
Native extension for WindowsStandalone target not found
Refreshing native plugins compatible for Editor in 0.34 ms, found 0 plugins.
Preloading 0 native plugins for Editor in 0.00 ms.
Mono: successfully reloaded assembly
- Completed reload, in  0.971 seconds
Platform modules already initialized, skipping
Refreshing native plugins compatible for Editor in 0.32 ms, found 0 plugins.
Preloading 0 native plugins for Editor in 0.00 ms.
Unloading 1363 Unused Serialized files (Serialized files now loaded: 0)
System memory in use before: 76.7 MB.
System memory in use after: 76.8 MB.

Unloading 15 unused Assets to reduce memory usage. Loaded Objects now: 2022.
Total: 2.139900 ms (FindLiveObjects: 0.237300 ms CreateObjectMapping: 0.044000 ms MarkObjects: 1.842800 ms  DeleteObjects: 0.014900 ms)

========================================================================
Received Prepare
Registering precompiled user dll's ...
Registered in 0.004737 seconds.
Begin MonoManager ReloadAssembly
Symbol file LoadedFromMemory is not a mono symbol file
Native extension for WindowsStandalone target not found
Refreshing native plugins compatible for Editor in 0.45 ms, found 0 plugins.
Preloading 0 native plugins for Editor in 0.00 ms.
Mono: successfully reloaded assembly
- Completed reload, in  0.842 seconds
Platform modules already initialized, skipping
Refreshing native plugins compatible for Editor in 0.33 ms, found 0 plugins.
Preloading 0 native plugins for Editor in 0.00 ms.
Unloading 1363 Unused Serialized files (Serialized files now loaded: 0)
System memory in use before: 76.7 MB.
System memory in use after: 76.8 MB.

Unloading 15 unused Assets to reduce memory usage. Loaded Objects now: 2025.
Total: 1.913500 ms (FindLiveObjects: 0.177600 ms CreateObjectMapping: 0.032100 ms MarkObjects: 1.688200 ms  DeleteObjects: 0.014800 ms)

========================================================================
Received Prepare
Registering precompiled user dll's ...
Registered in 0.005053 seconds.
Begin MonoManager ReloadAssembly
Symbol file LoadedFromMemory is not a mono symbol file
Native extension for WindowsStandalone target not found
Refreshing native plugins compatible for Editor in 0.34 ms, found 0 plugins.
Preloading 0 native plugins for Editor in 0.00 ms.
Mono: successfully reloaded assembly
- Completed reload, in  0.826 seconds
Platform modules already initialized, skipping
Refreshing native plugins compatible for Editor in 0.33 ms, found 0 plugins.
Preloading 0 native plugins for Editor in 0.00 ms.
Unloading 1363 Unused Serialized files (Serialized files now loaded: 0)
System memory in use before: 76.7 MB.
System memory in use after: 76.8 MB.

Unloading 15 unused Assets to reduce memory usage. Loaded Objects now: 2028.
Total: 1.799300 ms (FindLiveObjects: 0.149900 ms CreateObjectMapping: 0.031300 ms MarkObjects: 1.604600 ms  DeleteObjects: 0.012600 ms)

========================================================================
Received Prepare
Registering precompiled user dll's ...
Registered in 0.003761 seconds.
Begin MonoManager ReloadAssembly
Symbol file LoadedFromMemory is not a mono symbol file
Native extension for WindowsStandalone target not found
Refreshing native plugins compatible for Editor in 0.36 ms, found 0 plugins.
Preloading 0 native plugins for Editor in 0.00 ms.
Mono: successfully reloaded assembly
- Completed reload, in  1.002 seconds
Platform modules already initialized, skipping
Refreshing native plugins compatible for Editor in 0.36 ms, found 0 plugins.
Preloading 0 native plugins for Editor in 0.00 ms.
Unloading 1363 Unused Serialized files (Serialized files now loaded: 0)
System memory in use before: 76.7 MB.
System memory in use after: 76.8 MB.

Unloading 15 unused Assets to reduce memory usage. Loaded Objects now: 2031.
Total: 2.110000 ms (FindLiveObjects: 0.181400 ms CreateObjectMapping: 0.033800 ms MarkObjects: 1.874900 ms  DeleteObjects: 0.018500 ms)

========================================================================
Received Prepare
Registering precompiled user dll's ...
Registered in 0.003988 seconds.
Begin MonoManager ReloadAssembly
Symbol file LoadedFromMemory is not a mono symbol file
Native extension for WindowsStandalone target not found
Refreshing native plugins compatible for Editor in 0.33 ms, found 0 plugins.
Preloading 0 native plugins for Editor in 0.00 ms.
Mono: successfully reloaded assembly
- Completed reload, in  0.795 seconds
Platform modules already initialized, skipping
Refreshing native plugins compatible for Editor in 0.35 ms, found 0 plugins.
Preloading 0 native plugins for Editor in 0.00 ms.
Unloading 1363 Unused Serialized files (Serialized files now loaded: 0)
System memory in use before: 76.7 MB.
System memory in use after: 76.8 MB.

Unloading 15 unused Assets to reduce memory usage. Loaded Objects now: 2034.
Total: 1.789400 ms (FindLiveObjects: 0.176300 ms CreateObjectMapping: 0.033200 ms MarkObjects: 1.566500 ms  DeleteObjects: 0.012700 ms)

========================================================================
Received Prepare
Registering precompiled user dll's ...
Registered in 0.004172 seconds.
Begin MonoManager ReloadAssembly
Symbol file LoadedFromMemory is not a mono symbol file
Native extension for WindowsStandalone target not found
Refreshing native plugins compatible for Editor in 0.44 ms, found 0 plugins.
Preloading 0 native plugins for Editor in 0.00 ms.
Mono: successfully reloaded assembly
- Completed reload, in  0.825 seconds
Platform modules already initialized, skipping
Refreshing native plugins compatible for Editor in 0.36 ms, found 0 plugins.
Preloading 0 native plugins for Editor in 0.00 ms.
Unloading 1363 Unused Serialized files (Serialized files now loaded: 0)
System memory in use before: 76.7 MB.
System memory in use after: 76.8 MB.

Unloading 15 unused Assets to reduce memory usage. Loaded Objects now: 2037.
Total: 1.706000 ms (FindLiveObjects: 0.147300 ms CreateObjectMapping: 0.031500 ms MarkObjects: 1.511000 ms  DeleteObjects: 0.015400 ms)

========================================================================
Received Prepare
Registering precompiled user dll's ...
Registered in 0.003729 seconds.
Begin MonoManager ReloadAssembly
Symbol file LoadedFromMemory is not a mono symbol file
Native extension for WindowsStandalone target not found
Refreshing native plugins compatible for Editor in 0.37 ms, found 0 plugins.
Preloading 0 native plugins for Editor in 0.00 ms.
Mono: successfully reloaded assembly
- Completed reload, in  0.869 seconds
Platform modules already initialized, skipping
Refreshing native plugins compatible for Editor in 0.32 ms, found 0 plugins.
Preloading 0 native plugins for Editor in 0.00 ms.
Unloading 1363 Unused Serialized files (Serialized files now loaded: 0)
System memory in use before: 76.7 MB.
System memory in use after: 76.8 MB.

Unloading 15 unused Assets to reduce memory usage. Loaded Objects now: 2040.
Total: 2.103100 ms (FindLiveObjects: 0.166900 ms CreateObjectMapping: 0.033500 ms MarkObjects: 1.882500 ms  DeleteObjects: 0.019400 ms)

========================================================================
Received Prepare
Registering precompiled user dll's ...
Registered in 0.005131 seconds.
Begin MonoManager ReloadAssembly
Symbol file LoadedFromMemory is not a mono symbol file
Native extension for WindowsStandalone target not found
Refreshing native plugins compatible for Editor in 0.34 ms, found 0 plugins.
Preloading 0 native plugins for Editor in 0.00 ms.
Mono: successfully reloaded assembly
- Completed reload, in  1.079 seconds
Platform modules already initialized, skipping
Refreshing native plugins compatible for Editor in 0.31 ms, found 0 plugins.
Preloading 0 native plugins for Editor in 0.00 ms.
Unloading 1363 Unused Serialized files (Serialized files now loaded: 0)
System memory in use before: 76.7 MB.
System memory in use after: 76.8 MB.

Unloading 15 unused Assets to reduce memory usage. Loaded Objects now: 2043.
Total: 1.738500 ms (FindLiveObjects: 0.175000 ms CreateObjectMapping: 0.032700 ms MarkObjects: 1.516200 ms  DeleteObjects: 0.013900 ms)

========================================================================
Received Prepare
Registering precompiled user dll's ...
Registered in 0.006226 seconds.
Begin MonoManager ReloadAssembly
Symbol file LoadedFromMemory is not a mono symbol file
Native extension for WindowsStandalone target not found
Refreshing native plugins compatible for Editor in 0.31 ms, found 0 plugins.
Preloading 0 native plugins for Editor in 0.00 ms.
Mono: successfully reloaded assembly
- Completed reload, in  0.818 seconds
Platform modules already initialized, skipping
Refreshing native plugins compatible for Editor in 0.30 ms, found 0 plugins.
Preloading 0 native plugins for Editor in 0.00 ms.
Unloading 1363 Unused Serialized files (Serialized files now loaded: 0)
System memory in use before: 76.7 MB.
System memory in use after: 76.8 MB.

Unloading 15 unused Assets to reduce memory usage. Loaded Objects now: 2046.
Total: 1.668100 ms (FindLiveObjects: 0.141100 ms CreateObjectMapping: 0.030500 ms MarkObjects: 1.482800 ms  DeleteObjects: 0.012900 ms)

========================================================================
Received Prepare
Registering precompiled user dll's ...
Registered in 0.004578 seconds.
Begin MonoManager ReloadAssembly
Symbol file LoadedFromMemory is not a mono symbol file
Native extension for WindowsStandalone target not found
Refreshing native plugins compatible for Editor in 0.33 ms, found 0 plugins.
Preloading 0 native plugins for Editor in 0.00 ms.
Mono: successfully reloaded assembly
- Completed reload, in  0.920 seconds
Platform modules already initialized, skipping
Refreshing native plugins compatible for Editor in 0.43 ms, found 0 plugins.
Preloading 0 native plugins for Editor in 0.00 ms.
Unloading 1363 Unused Serialized files (Serialized files now loaded: 0)
System memory in use before: 76.8 MB.
System memory in use after: 76.9 MB.

Unloading 15 unused Assets to reduce memory usage. Loaded Objects now: 2049.
Total: 1.844800 ms (FindLiveObjects: 0.213200 ms CreateObjectMapping: 0.040000 ms MarkObjects: 1.576600 ms  DeleteObjects: 0.014100 ms)

========================================================================
Received Prepare
Registering precompiled user dll's ...
Registered in 0.003704 seconds.
Begin MonoManager ReloadAssembly
Symbol file LoadedFromMemory is not a mono symbol file
Native extension for WindowsStandalone target not found
Refreshing native plugins compatible for Editor in 0.30 ms, found 0 plugins.
Preloading 0 native plugins for Editor in 0.00 ms.
Mono: successfully reloaded assembly
- Completed reload, in  0.779 seconds
Platform modules already initialized, skipping
Refreshing native plugins compatible for Editor in 0.31 ms, found 0 plugins.
Preloading 0 native plugins for Editor in 0.00 ms.
Unloading 1363 Unused Serialized files (Serialized files now loaded: 0)
System memory in use before: 76.8 MB.
System memory in use after: 76.9 MB.

Unloading 15 unused Assets to reduce memory usage. Loaded Objects now: 2052.
Total: 1.912700 ms (FindLiveObjects: 0.156700 ms CreateObjectMapping: 0.031000 ms MarkObjects: 1.708100 ms  DeleteObjects: 0.016200 ms)

========================================================================
Received Prepare
Registering precompiled user dll's ...
Registered in 0.004089 seconds.
Begin MonoManager ReloadAssembly
Symbol file LoadedFromMemory is not a mono symbol file
Native extension for WindowsStandalone target not found
Refreshing native plugins compatible for Editor in 0.47 ms, found 0 plugins.
Preloading 0 native plugins for Editor in 0.00 ms.
Mono: successfully reloaded assembly
- Completed reload, in  0.974 seconds
Platform modules already initialized, skipping
Refreshing native plugins compatible for Editor in 0.36 ms, found 0 plugins.
Preloading 0 native plugins for Editor in 0.00 ms.
Unloading 1363 Unused Serialized files (Serialized files now loaded: 0)
System memory in use before: 76.8 MB.
System memory in use after: 76.9 MB.

Unloading 15 unused Assets to reduce memory usage. Loaded Objects now: 2055.
Total: 1.836700 ms (FindLiveObjects: 0.170600 ms CreateObjectMapping: 0.031400 ms MarkObjects: 1.617500 ms  DeleteObjects: 0.016100 ms)

========================================================================
Received Prepare
Registering precompiled user dll's ...
Registered in 0.003924 seconds.
Begin MonoManager ReloadAssembly
Symbol file LoadedFromMemory is not a mono symbol file
Native extension for WindowsStandalone target not found
Refreshing native plugins compatible for Editor in 0.39 ms, found 0 plugins.
Preloading 0 native plugins for Editor in 0.00 ms.
Mono: successfully reloaded assembly
- Completed reload, in  0.936 seconds
Platform modules already initialized, skipping
Refreshing native plugins compatible for Editor in 0.38 ms, found 0 plugins.
Preloading 0 native plugins for Editor in 0.00 ms.
Unloading 1363 Unused Serialized files (Serialized files now loaded: 0)
System memory in use before: 76.8 MB.
System memory in use after: 76.9 MB.

Unloading 15 unused Assets to reduce memory usage. Loaded Objects now: 2058.
Total: 3.173600 ms (FindLiveObjects: 0.861000 ms CreateObjectMapping: 0.045200 ms MarkObjects: 2.247300 ms  DeleteObjects: 0.019000 ms)

========================================================================
Received Prepare
Registering precompiled user dll's ...
Registered in 0.006829 seconds.
Begin MonoManager ReloadAssembly
Symbol file LoadedFromMemory is not a mono symbol file
Native extension for WindowsStandalone target not found
Refreshing native plugins compatible for Editor in 0.32 ms, found 0 plugins.
Preloading 0 native plugins for Editor in 0.00 ms.
Mono: successfully reloaded assembly
- Completed reload, in  0.820 seconds
Platform modules already initialized, skipping
Refreshing native plugins compatible for Editor in 0.30 ms, found 0 plugins.
Preloading 0 native plugins for Editor in 0.00 ms.
Unloading 1363 Unused Serialized files (Serialized files now loaded: 0)
System memory in use before: 76.8 MB.
System memory in use after: 76.9 MB.

Unloading 15 unused Assets to reduce memory usage. Loaded Objects now: 2061.
Total: 1.670500 ms (FindLiveObjects: 0.165600 ms CreateObjectMapping: 0.033300 ms MarkObjects: 1.458300 ms  DeleteObjects: 0.012600 ms)

========================================================================
Received Prepare
Registering precompiled user dll's ...
Registered in 0.003966 seconds.
Begin MonoManager ReloadAssembly
Symbol file LoadedFromMemory is not a mono symbol file
Native extension for WindowsStandalone target not found
Refreshing native plugins compatible for Editor in 0.52 ms, found 0 plugins.
Preloading 0 native plugins for Editor in 0.00 ms.
Mono: successfully reloaded assembly
- Completed reload, in  0.909 seconds
Platform modules already initialized, skipping
Refreshing native plugins compatible for Editor in 0.32 ms, found 0 plugins.
Preloading 0 native plugins for Editor in 0.00 ms.
Unloading 1363 Unused Serialized files (Serialized files now loaded: 0)
System memory in use before: 76.8 MB.
System memory in use after: 76.9 MB.

Unloading 15 unused Assets to reduce memory usage. Loaded Objects now: 2064.
Total: 1.767000 ms (FindLiveObjects: 0.196300 ms CreateObjectMapping: 0.031600 ms MarkObjects: 1.524400 ms  DeleteObjects: 0.013600 ms)

========================================================================
Received Prepare
Registering precompiled user dll's ...
Registered in 0.004179 seconds.
Begin MonoManager ReloadAssembly
Symbol file LoadedFromMemory is not a mono symbol file
Native extension for WindowsStandalone target not found
Refreshing native plugins compatible for Editor in 0.34 ms, found 0 plugins.
Preloading 0 native plugins for Editor in 0.00 ms.
Mono: successfully reloaded assembly
- Completed reload, in  0.817 seconds
Platform modules already initialized, skipping
Refreshing native plugins compatible for Editor in 0.34 ms, found 0 plugins.
Preloading 0 native plugins for Editor in 0.00 ms.
Unloading 1363 Unused Serialized files (Serialized files now loaded: 0)
System memory in use before: 76.8 MB.
System memory in use after: 76.9 MB.

Unloading 15 unused Assets to reduce memory usage. Loaded Objects now: 2067.
Total: 1.771500 ms (FindLiveObjects: 0.165300 ms CreateObjectMapping: 0.032400 ms MarkObjects: 1.560100 ms  DeleteObjects: 0.012900 ms)

========================================================================
Received Prepare
Registering precompiled user dll's ...
Registered in 0.004594 seconds.
Begin MonoManager ReloadAssembly
Symbol file LoadedFromMemory is not a mono symbol file
Native extension for WindowsStandalone target not found
Refreshing native plugins compatible for Editor in 0.48 ms, found 0 plugins.
Preloading 0 native plugins for Editor in 0.00 ms.
Mono: successfully reloaded assembly
- Completed reload, in  0.812 seconds
Platform modules already initialized, skipping
Refreshing native plugins compatible for Editor in 0.31 ms, found 0 plugins.
Preloading 0 native plugins for Editor in 0.00 ms.
Unloading 1363 Unused Serialized files (Serialized files now loaded: 0)
System memory in use before: 76.8 MB.
System memory in use after: 76.9 MB.

Unloading 15 unused Assets to reduce memory usage. Loaded Objects now: 2070.
Total: 1.937300 ms (FindLiveObjects: 0.200500 ms CreateObjectMapping: 0.039500 ms MarkObjects: 1.680400 ms  DeleteObjects: 0.015800 ms)

========================================================================
Received Prepare
Registering precompiled user dll's ...
Registered in 0.005342 seconds.
Begin MonoManager ReloadAssembly
Symbol file LoadedFromMemory is not a mono symbol file
Native extension for WindowsStandalone target not found
Refreshing native plugins compatible for Editor in 0.48 ms, found 0 plugins.
Preloading 0 native plugins for Editor in 0.00 ms.
Mono: successfully reloaded assembly
- Completed reload, in  1.154 seconds
Platform modules already initialized, skipping
Refreshing native plugins compatible for Editor in 0.33 ms, found 0 plugins.
Preloading 0 native plugins for Editor in 0.00 ms.
Unloading 1363 Unused Serialized files (Serialized files now loaded: 0)
System memory in use before: 76.9 MB.
System memory in use after: 77.0 MB.

Unloading 15 unused Assets to reduce memory usage. Loaded Objects now: 2073.
Total: 3.630700 ms (FindLiveObjects: 0.275600 ms CreateObjectMapping: 0.037400 ms MarkObjects: 3.290400 ms  DeleteObjects: 0.026000 ms)

========================================================================
Received Prepare
Registering precompiled user dll's ...
Registered in 0.003716 seconds.
Begin MonoManager ReloadAssembly
Symbol file LoadedFromMemory is not a mono symbol file
Native extension for WindowsStandalone target not found
Refreshing native plugins compatible for Editor in 0.35 ms, found 0 plugins.
Preloading 0 native plugins for Editor in 0.00 ms.
Mono: successfully reloaded assembly
- Completed reload, in  0.807 seconds
Platform modules already initialized, skipping
Refreshing native plugins compatible for Editor in 0.51 ms, found 0 plugins.
Preloading 0 native plugins for Editor in 0.00 ms.
Unloading 1363 Unused Serialized files (Serialized files now loaded: 0)
System memory in use before: 76.8 MB.
System memory in use after: 76.9 MB.

Unloading 15 unused Assets to reduce memory usage. Loaded Objects now: 2076.
Total: 1.669900 ms (FindLiveObjects: 0.153900 ms CreateObjectMapping: 0.031000 ms MarkObjects: 1.472700 ms  DeleteObjects: 0.011700 ms)

========================================================================
Received Prepare
Registering precompiled user dll's ...
Registered in 0.005182 seconds.
Begin MonoManager ReloadAssembly
Symbol file LoadedFromMemory is not a mono symbol file
Native extension for WindowsStandalone target not found
Refreshing native plugins compatible for Editor in 0.43 ms, found 0 plugins.
Preloading 0 native plugins for Editor in 0.00 ms.
Mono: successfully reloaded assembly
- Completed reload, in  0.993 seconds
Platform modules already initialized, skipping
Refreshing native plugins compatible for Editor in 0.33 ms, found 0 plugins.
Preloading 0 native plugins for Editor in 0.00 ms.
Unloading 1363 Unused Serialized files (Serialized files now loaded: 0)
System memory in use before: 76.8 MB.
System memory in use after: 76.9 MB.

Unloading 15 unused Assets to reduce memory usage. Loaded Objects now: 2079.
Total: 4.520700 ms (FindLiveObjects: 0.414000 ms CreateObjectMapping: 0.069600 ms MarkObjects: 4.014100 ms  DeleteObjects: 0.021700 ms)

========================================================================
Received Import Request.
  Time since last request: 6660.862788 seconds.
  path: Assets/Scripts/GameState/Controller/PrototypController.cs
  artifactKey: Guid(64c03656d17d6d2439e28d989d7ddd26) Importer(815301076,1909f56bfc062723c751e8b465ee728b)
Start importing Assets/Scripts/GameState/Controller/PrototypController.cs using Guid(64c03656d17d6d2439e28d989d7ddd26) Importer(815301076,1909f56bfc062723c751e8b465ee728b)  -> (artifact id: '69b919d671ce2bb56d6d935742c73773') in 0.004721 seconds 
========================================================================
Received Prepare
Registering precompiled user dll's ...
Registered in 0.007230 seconds.
Begin MonoManager ReloadAssembly
Symbol file LoadedFromMemory is not a mono symbol file
Native extension for WindowsStandalone target not found
Refreshing native plugins compatible for Editor in 0.65 ms, found 0 plugins.
Preloading 0 native plugins for Editor in 0.00 ms.
Mono: successfully reloaded assembly
- Completed reload, in  1.076 seconds
Platform modules already initialized, skipping
Refreshing native plugins compatible for Editor in 0.35 ms, found 0 plugins.
Preloading 0 native plugins for Editor in 0.00 ms.
Unloading 1363 Unused Serialized files (Serialized files now loaded: 0)
System memory in use before: 76.9 MB.
System memory in use after: 77.0 MB.

Unloading 15 unused Assets to reduce memory usage. Loaded Objects now: 2082.
Total: 2.900500 ms (FindLiveObjects: 0.208800 ms CreateObjectMapping: 0.037700 ms MarkObjects: 2.634600 ms  DeleteObjects: 0.017800 ms)

========================================================================
Received Import Request.
  Time since last request: 273.876871 seconds.
  path: Assets/Scripts/GameState/Controller/PrototypController.cs
  artifactKey: Guid(64c03656d17d6d2439e28d989d7ddd26) Importer(815301076,1909f56bfc062723c751e8b465ee728b)
Start importing Assets/Scripts/GameState/Controller/PrototypController.cs using Guid(64c03656d17d6d2439e28d989d7ddd26) Importer(815301076,1909f56bfc062723c751e8b465ee728b)  -> (artifact id: '56b23d8cb75458078c9252283f5fb921') in 0.004447 seconds 
========================================================================
Received Import Request.
  Time since last request: 363.290802 seconds.
  path: Assets/StreamingAssets/Mods
  artifactKey: Guid(1fe285cdce48a8f40ac436a6072c9572) Importer(815301076,1909f56bfc062723c751e8b465ee728b)
Start importing Assets/StreamingAssets/Mods using Guid(1fe285cdce48a8f40ac436a6072c9572) Importer(815301076,1909f56bfc062723c751e8b465ee728b)  -> (artifact id: 'e0fef89dcfc10f08e36436a9fc6d5419') in 0.002332 seconds 
========================================================================
Received Import Request.
  Time since last request: 3.640736 seconds.
  path: Assets/StreamingAssets/Audio/Game/SoundEffects
  artifactKey: Guid(b70a3bd25b0b41c428be5cdab1c24759) Importer(815301076,1909f56bfc062723c751e8b465ee728b)
Start importing Assets/StreamingAssets/Audio/Game/SoundEffects using Guid(b70a3bd25b0b41c428be5cdab1c24759) Importer(815301076,1909f56bfc062723c751e8b465ee728b)  -> (artifact id: 'fca70d68d49addd008e6afd17e3720c6') in 0.002115 seconds 
AssetImportWorkerClient::OnTransportError - code=2 error=End of file
